Flow report for div
Fri Apr 01 21:46:51 2011
Quartus II Version 9.0 Build 132 02/25/2009 SJ Web Edition


---------------------
; Table of Contents ;
---------------------
  1. Legal Notice
  2. Flow Summary
  3. Flow Settings
  4. Flow Non-Default Global Settings
  5. Flow Elapsed Time
  6. Flow OS Summary
  7. Flow Log



----------------
; Legal Notice ;
----------------
Copyright (C) 1991-2009 Altera Corporation
Your use of Altera Corporation's design tools, logic functions 
and other software and tools, and its AMPP partner logic 
functions, and any output files from any of the foregoing 
(including device programming or simulation files), and any 
associated documentation or information are expressly subject 
to the terms and conditions of the Altera Program License 
Subscription Agreement, Altera MegaCore Function License 
Agreement, or other applicable license agreement, including, 
without limitation, that your use is for the sole purpose of 
programming logic devices manufactured by Altera and sold by 
Altera or its authorized distributors.  Please refer to the 
applicable agreement for further details.



+-------------------------------------------------------------------------+
; Flow Summary                                                            ;
+-------------------------------+-----------------------------------------+
; Flow Status                   ; Successful - Fri Apr 01 21:46:51 2011   ;
; Quartus II Version            ; 9.0 Build 132 02/25/2009 SJ Web Edition ;
; Revision Name                 ; div                                     ;
; Top-level Entity Name         ; div                                     ;
; Family                        ; Stratix II                              ;
; Met timing requirements       ; Yes                                     ;
; Logic utilization             ; < 1 %                                   ;
;     Combinational ALUTs       ; 8 / 12,480 ( < 1 % )                    ;
;     Dedicated logic registers ; 8 / 12,480 ( < 1 % )                    ;
; Total registers               ; 8                                       ;
; Total pins                    ; 6 / 343 ( 2 % )                         ;
; Total virtual pins            ; 0                                       ;
; Total block memory bits       ; 0 / 419,328 ( 0 % )                     ;
; DSP block 9-bit elements      ; 0 / 96 ( 0 % )                          ;
; Total PLLs                    ; 0 / 6 ( 0 % )                           ;
; Total DLLs                    ; 0 / 2 ( 0 % )                           ;
; Device                        ; EP2S15F484C3                            ;
; Timing Models                 ; Final                                   ;
+-------------------------------+-----------------------------------------+


+-----------------------------------------+
; Flow Settings                           ;
+-------------------+---------------------+
; Option            ; Setting             ;
+-------------------+---------------------+
; Start date & time ; 04/01/2011 21:44:44 ;
; Main task         ; Compilation         ;
; Revision Name     ; div                 ;
+-------------------+---------------------+


+-----------------------------------------------------------------------------------------------------------------+
; Flow Non-Default Global Settings                                                                                ;
+------------------------------------+-----------------------------+---------------+-------------+----------------+
; Assignment Name                    ; Value                       ; Default Value ; Entity Name ; Section Id     ;
+------------------------------------+-----------------------------+---------------+-------------+----------------+
; COMPILER_SIGNATURE_ID              ; 17773889676.130166548203104 ; --            ; --          ; --             ;
; PARTITION_COLOR                    ; 16764057                    ; --            ; --          ; Top            ;
; PARTITION_NETLIST_TYPE             ; SOURCE                      ; --            ; --          ; Top            ;
; USE_GENERATED_PHYSICAL_CONSTRAINTS ; Off                         ; --            ; --          ; eda_blast_fpga ;
+------------------------------------+-----------------------------+---------------+-------------+----------------+


+-----------------------------------------------------------------------------------------------------------------------------+
; Flow Elapsed Time                                                                                                           ;
+-------------------------+--------------+-------------------------+---------------------+------------------------------------+
; Module Name             ; Elapsed Time ; Average Processors Used ; Peak Virtual Memory ; Total CPU Time (on all processors) ;
+-------------------------+--------------+-------------------------+---------------------+------------------------------------+
; Analysis & Synthesis    ; 00:00:07     ; 1.0                     ; 174 MB              ; 00:00:02                           ;
; Fitter                  ; 00:00:28     ; 1.0                     ; 214 MB              ; 00:00:15                           ;
; Assembler               ; 00:00:16     ; 1.0                     ; 189 MB              ; 00:00:12                           ;
; Classic Timing Analyzer ; 00:00:02     ; 1.0                     ; 122 MB              ; 00:00:01                           ;
; Total                   ; 00:00:53     ; --                      ; --                  ; 00:00:30                           ;
+-------------------------+--------------+-------------------------+---------------------+------------------------------------+


+---------------------------------------------------------------------------------------+
; Flow OS Summary                                                                       ;
+-------------------------+------------------+------------+------------+----------------+
; Module Name             ; Machine Hostname ; OS Name    ; OS Version ; Processor type ;
+-------------------------+------------------+------------+------------+----------------+
; Analysis & Synthesis    ; ians-23e12de926  ; Windows XP ; 5.1        ; i686           ;
; Fitter                  ; ians-23e12de926  ; Windows XP ; 5.1        ; i686           ;
; Assembler               ; ians-23e12de926  ; Windows XP ; 5.1        ; i686           ;
; Classic Timing Analyzer ; ians-23e12de926  ; Windows XP ; 5.1        ; i686           ;
+-------------------------+------------------+------------+------------+----------------+


------------
; Flow Log ;
------------
quartus_map --read_settings_files=on --write_settings_files=off div -c div
quartus_fit --read_settings_files=off --write_settings_files=off div -c div
quartus_asm --read_settings_files=off --write_settings_files=off div -c div
quartus_tan --read_settings_files=off --write_settings_files=off div -c div --timing_analysis_only



