Classic Timing Analyzer report for john
Fri Apr 08 01:49:35 2011
Quartus II Version 9.0 Build 132 02/25/2009 SJ Web Edition


---------------------
; Table of Contents ;
---------------------
  1. Legal Notice
  2. Timing Analyzer Summary
  3. Timing Analyzer Settings
  4. Clock Settings Summary
  5. Clock Setup: 'clk'
  6. tco
  7. Timing Analyzer Messages



----------------
; Legal Notice ;
----------------
Copyright (C) 1991-2009 Altera Corporation
Your use of Altera Corporation's design tools, logic functions 
and other software and tools, and its AMPP partner logic 
functions, and any output files from any of the foregoing 
(including device programming or simulation files), and any 
associated documentation or information are expressly subject 
to the terms and conditions of the Altera Program License 
Subscription Agreement, Altera MegaCore Function License 
Agreement, or other applicable license agreement, including, 
without limitation, that your use is for the sole purpose of 
programming logic devices manufactured by Altera and sold by 
Altera or its authorized distributors.  Please refer to the 
applicable agreement for further details.



+------------------------------------------------------------------------------------------------------------------------------------------------------------------------+
; Timing Analyzer Summary                                                                                                                                                ;
+------------------------------+-------+---------------+------------------------------------------------+-----------------+-------+------------+----------+--------------+
; Type                         ; Slack ; Required Time ; Actual Time                                    ; From            ; To    ; From Clock ; To Clock ; Failed Paths ;
+------------------------------+-------+---------------+------------------------------------------------+-----------------+-------+------------+----------+--------------+
; Worst-case tco               ; N/A   ; None          ; 5.722 ns                                       ; j:a|c~DUPLICATE ; y     ; clk        ; --       ; 0            ;
; Clock Setup: 'clk'           ; N/A   ; None          ; Restricted to 500.00 MHz ( period = 2.000 ns ) ; j:a|c           ; j:a|d ; clk        ; clk      ; 0            ;
; Total number of failed paths ;       ;               ;                                                ;                 ;       ;            ;          ; 0            ;
+------------------------------+-------+---------------+------------------------------------------------+-----------------+-------+------------+----------+--------------+


+--------------------------------------------------------------------------------------------------------------------+
; Timing Analyzer Settings                                                                                           ;
+---------------------------------------------------------------------+--------------------+------+----+-------------+
; Option                                                              ; Setting            ; From ; To ; Entity Name ;
+---------------------------------------------------------------------+--------------------+------+----+-------------+
; Device Name                                                         ; EP2S15F484C3       ;      ;    ;             ;
; Timing Models                                                       ; Final              ;      ;    ;             ;
; Default hold multicycle                                             ; Same as Multicycle ;      ;    ;             ;
; Cut paths between unrelated clock domains                           ; On                 ;      ;    ;             ;
; Cut off read during write signal paths                              ; On                 ;      ;    ;             ;
; Cut off feedback from I/O pins                                      ; On                 ;      ;    ;             ;
; Report Combined Fast/Slow Timing                                    ; Off                ;      ;    ;             ;
; Ignore Clock Settings                                               ; Off                ;      ;    ;             ;
; Analyze latches as synchronous elements                             ; On                 ;      ;    ;             ;
; Enable Recovery/Removal analysis                                    ; Off                ;      ;    ;             ;
; Enable Clock Latency                                                ; Off                ;      ;    ;             ;
; Use TimeQuest Timing Analyzer                                       ; Off                ;      ;    ;             ;
; Number of source nodes to report per destination node               ; 10                 ;      ;    ;             ;
; Number of destination nodes to report                               ; 10                 ;      ;    ;             ;
; Number of paths to report                                           ; 200                ;      ;    ;             ;
; Report Minimum Timing Checks                                        ; Off                ;      ;    ;             ;
; Use Fast Timing Models                                              ; Off                ;      ;    ;             ;
; Report IO Paths Separately                                          ; Off                ;      ;    ;             ;
; Perform Multicorner Analysis                                        ; On                 ;      ;    ;             ;
; Reports the worst-case path for each clock domain and analysis      ; Off                ;      ;    ;             ;
; Removes common clock path pessimism (CCPP) during slack computation ; Off                ;      ;    ;             ;
; Output I/O Timing Endpoint                                          ; Near End           ;      ;    ;             ;
+---------------------------------------------------------------------+--------------------+------+----+-------------+


+------------------------------------------------------------------------------------------------------------------------------------------------------------------------------------+
; Clock Settings Summary                                                                                                                                                             ;
+-----------------+--------------------+----------+------------------+---------------+--------------+----------+-----------------------+---------------------+--------+--------------+
; Clock Node Name ; Clock Setting Name ; Type     ; Fmax Requirement ; Early Latency ; Late Latency ; Based on ; Multiply Base Fmax by ; Divide Base Fmax by ; Offset ; Phase offset ;
+-----------------+--------------------+----------+------------------+---------------+--------------+----------+-----------------------+---------------------+--------+--------------+
; clk             ;                    ; User Pin ; None             ; 0.000 ns      ; 0.000 ns     ; --       ; N/A                   ; N/A                 ; N/A    ;              ;
+-----------------+--------------------+----------+------------------+---------------+--------------+----------+-----------------------+---------------------+--------+--------------+


+----------------------------------------------------------------------------------------------------------------------------------------------------------------------------------------------+
; Clock Setup: 'clk'                                                                                                                                                                           ;
+-------+------------------------------------------------+-------+-----------------+------------+----------+-----------------------------+---------------------------+-------------------------+
; Slack ; Actual fmax (period)                           ; From  ; To              ; From Clock ; To Clock ; Required Setup Relationship ; Required Longest P2P Time ; Actual Longest P2P Time ;
+-------+------------------------------------------------+-------+-----------------+------------+----------+-----------------------------+---------------------------+-------------------------+
; N/A   ; Restricted to 500.00 MHz ( period = 2.000 ns ) ; j:a|c ; j:a|d           ; clk        ; clk      ; None                        ; None                      ; 0.520 ns                ;
; N/A   ; Restricted to 500.00 MHz ( period = 2.000 ns ) ; j:a|a ; j:a|b           ; clk        ; clk      ; None                        ; None                      ; 0.513 ns                ;
; N/A   ; Restricted to 500.00 MHz ( period = 2.000 ns ) ; j:a|d ; j:a|a           ; clk        ; clk      ; None                        ; None                      ; 0.427 ns                ;
; N/A   ; Restricted to 500.00 MHz ( period = 2.000 ns ) ; j:a|d ; j:a|a~DUPLICATE ; clk        ; clk      ; None                        ; None                      ; 0.426 ns                ;
; N/A   ; Restricted to 500.00 MHz ( period = 2.000 ns ) ; j:a|b ; j:a|c~DUPLICATE ; clk        ; clk      ; None                        ; None                      ; 0.423 ns                ;
; N/A   ; Restricted to 500.00 MHz ( period = 2.000 ns ) ; j:a|b ; j:a|c           ; clk        ; clk      ; None                        ; None                      ; 0.422 ns                ;
+-------+------------------------------------------------+-------+-----------------+------------+----------+-----------------------------+---------------------------+-------------------------+


+-----------------------------------------------------------------------+
; tco                                                                   ;
+-------+--------------+------------+-----------------+----+------------+
; Slack ; Required tco ; Actual tco ; From            ; To ; From Clock ;
+-------+--------------+------------+-----------------+----+------------+
; N/A   ; None         ; 5.722 ns   ; j:a|c~DUPLICATE ; y  ; clk        ;
; N/A   ; None         ; 5.716 ns   ; j:a|a~DUPLICATE ; x  ; clk        ;
; N/A   ; None         ; 5.579 ns   ; j:a|c~DUPLICATE ; x  ; clk        ;
; N/A   ; None         ; 5.341 ns   ; j:a|a~DUPLICATE ; y  ; clk        ;
; N/A   ; None         ; 5.337 ns   ; j:a|d           ; x  ; clk        ;
; N/A   ; None         ; 5.313 ns   ; j:a|d           ; y  ; clk        ;
; N/A   ; None         ; 5.304 ns   ; j:a|b           ; x  ; clk        ;
+-------+--------------+------------+-----------------+----+------------+


+--------------------------+
; Timing Analyzer Messages ;
+--------------------------+
Info: *******************************************************************
Info: Running Quartus II Classic Timing Analyzer
    Info: Version 9.0 Build 132 02/25/2009 SJ Web Edition
    Info: Processing started: Fri Apr 08 01:49:33 2011
Info: Command: quartus_tan --read_settings_files=off --write_settings_files=off john -c john --timing_analysis_only
Warning: Found pins functioning as undefined clocks and/or memory enables
    Info: Assuming node "clk" is an undefined clock
Info: Clock "clk" Internal fmax is restricted to 500.0 MHz between source register "j:a|c" and destination register "j:a|d"
    Info: fmax restricted to clock pin edge rate 2.0 ns. Expand message to see actual delay path.
        Info: + Longest register to register delay is 0.520 ns
            Info: 1: + IC(0.000 ns) + CELL(0.000 ns) = 0.000 ns; Loc. = LCFF_X39_Y26_N19; Fanout = 1; REG Node = 'j:a|c'
            Info: 2: + IC(0.211 ns) + CELL(0.309 ns) = 0.520 ns; Loc. = LCFF_X39_Y26_N11; Fanout = 4; REG Node = 'j:a|d'
            Info: Total cell delay = 0.309 ns ( 59.42 % )
            Info: Total interconnect delay = 0.211 ns ( 40.58 % )
        Info: - Smallest clock skew is 0.000 ns
            Info: + Shortest clock path from clock "clk" to destination register is 2.504 ns
                Info: 1: + IC(0.000 ns) + CELL(0.854 ns) = 0.854 ns; Loc. = PIN_N20; Fanout = 1; CLK Node = 'clk'
                Info: 2: + IC(0.343 ns) + CELL(0.000 ns) = 1.197 ns; Loc. = CLKCTRL_G3; Fanout = 6; COMB Node = 'clk~clkctrl'
                Info: 3: + IC(0.689 ns) + CELL(0.618 ns) = 2.504 ns; Loc. = LCFF_X39_Y26_N11; Fanout = 4; REG Node = 'j:a|d'
                Info: Total cell delay = 1.472 ns ( 58.79 % )
                Info: Total interconnect delay = 1.032 ns ( 41.21 % )
            Info: - Longest clock path from clock "clk" to source register is 2.504 ns
                Info: 1: + IC(0.000 ns) + CELL(0.854 ns) = 0.854 ns; Loc. = PIN_N20; Fanout = 1; CLK Node = 'clk'
                Info: 2: + IC(0.343 ns) + CELL(0.000 ns) = 1.197 ns; Loc. = CLKCTRL_G3; Fanout = 6; COMB Node = 'clk~clkctrl'
                Info: 3: + IC(0.689 ns) + CELL(0.618 ns) = 2.504 ns; Loc. = LCFF_X39_Y26_N19; Fanout = 1; REG Node = 'j:a|c'
                Info: Total cell delay = 1.472 ns ( 58.79 % )
                Info: Total interconnect delay = 1.032 ns ( 41.21 % )
        Info: + Micro clock to output delay of source is 0.094 ns
        Info: + Micro setup delay of destination is 0.090 ns
Info: tco from clock "clk" to destination pin "y" through register "j:a|c~DUPLICATE" is 5.722 ns
    Info: + Longest clock path from clock "clk" to source register is 2.504 ns
        Info: 1: + IC(0.000 ns) + CELL(0.854 ns) = 0.854 ns; Loc. = PIN_N20; Fanout = 1; CLK Node = 'clk'
        Info: 2: + IC(0.343 ns) + CELL(0.000 ns) = 1.197 ns; Loc. = CLKCTRL_G3; Fanout = 6; COMB Node = 'clk~clkctrl'
        Info: 3: + IC(0.689 ns) + CELL(0.618 ns) = 2.504 ns; Loc. = LCFF_X39_Y26_N17; Fanout = 2; REG Node = 'j:a|c~DUPLICATE'
        Info: Total cell delay = 1.472 ns ( 58.79 % )
        Info: Total interconnect delay = 1.032 ns ( 41.21 % )
    Info: + Micro clock to output delay of source is 0.094 ns
    Info: + Longest register to pin delay is 3.124 ns
        Info: 1: + IC(0.000 ns) + CELL(0.000 ns) = 0.000 ns; Loc. = LCFF_X39_Y26_N17; Fanout = 2; REG Node = 'j:a|c~DUPLICATE'
        Info: 2: + IC(0.272 ns) + CELL(0.378 ns) = 0.650 ns; Loc. = LCCOMB_X39_Y26_N10; Fanout = 1; COMB Node = 'y~1'
        Info: 3: + IC(0.320 ns) + CELL(2.154 ns) = 3.124 ns; Loc. = PIN_C2; Fanout = 0; PIN Node = 'y'
        Info: Total cell delay = 2.532 ns ( 81.05 % )
        Info: Total interconnect delay = 0.592 ns ( 18.95 % )
Info: Quartus II Classic Timing Analyzer was successful. 0 errors, 1 warning
    Info: Peak virtual memory: 136 megabytes
    Info: Processing ended: Fri Apr 08 01:49:35 2011
    Info: Elapsed time: 00:00:02
    Info: Total CPU time (on all processors): 00:00:02


