Flow report for LAB1
Thu May 12 18:20:29 2011
Quartus II Version 9.0 Build 132 02/25/2009 SJ Web Edition


---------------------
; Table of Contents ;
---------------------
  1. Legal Notice
  2. Flow Summary
  3. Flow Settings
  4. Flow Non-Default Global Settings
  5. Flow Elapsed Time
  6. Flow OS Summary
  7. Flow Log



----------------
; Legal Notice ;
----------------
Copyright (C) 1991-2009 Altera Corporation
Your use of Altera Corporation's design tools, logic functions 
and other software and tools, and its AMPP partner logic 
functions, and any output files from any of the foregoing 
(including device programming or simulation files), and any 
associated documentation or information are expressly subject 
to the terms and conditions of the Altera Program License 
Subscription Agreement, Altera MegaCore Function License 
Agreement, or other applicable license agreement, including, 
without limitation, that your use is for the sole purpose of 
programming logic devices manufactured by Altera and sold by 
Altera or its authorized distributors.  Please refer to the 
applicable agreement for further details.



+-------------------------------------------------------------------+
; Flow Summary                                                      ;
+-------------------------+-----------------------------------------+
; Flow Status             ; Successful - Thu May 12 18:20:29 2011   ;
; Quartus II Version      ; 9.0 Build 132 02/25/2009 SJ Web Edition ;
; Revision Name           ; LAB1                                    ;
; Top-level Entity Name   ; LAB1                                    ;
; Family                  ; Cyclone                                 ;
; Device                  ; EP1C20F400C7                            ;
; Timing Models           ; Final                                   ;
; Met timing requirements ; Yes                                     ;
; Total logic elements    ; 123 / 20,060 ( < 1 % )                  ;
; Total pins              ; 10 / 301 ( 3 % )                        ;
; Total virtual pins      ; 0                                       ;
; Total memory bits       ; 0 / 294,912 ( 0 % )                     ;
; Total PLLs              ; 0 / 2 ( 0 % )                           ;
+-------------------------+-----------------------------------------+


+-----------------------------------------+
; Flow Settings                           ;
+-------------------+---------------------+
; Option            ; Setting             ;
+-------------------+---------------------+
; Start date & time ; 05/12/2011 18:20:05 ;
; Main task         ; Compilation         ;
; Revision Name     ; LAB1                ;
+-------------------+---------------------+


+-----------------------------------------------------------------------------------------------------------------+
; Flow Non-Default Global Settings                                                                                ;
+------------------------------------+-----------------------------+---------------+-------------+----------------+
; Assignment Name                    ; Value                       ; Default Value ; Entity Name ; Section Id     ;
+------------------------------------+-----------------------------+---------------+-------------+----------------+
; COMPILER_SIGNATURE_ID              ; 40585495585.130519560402836 ; --            ; --          ; --             ;
; MISC_FILE                          ; D:/LAB1/LAB1.dpf            ; --            ; --          ; --             ;
; PARTITION_COLOR                    ; 16764057                    ; --            ; --          ; Top            ;
; PARTITION_NETLIST_TYPE             ; SOURCE                      ; --            ; --          ; Top            ;
; USE_GENERATED_PHYSICAL_CONSTRAINTS ; Off                         ; --            ; --          ; eda_blast_fpga ;
+------------------------------------+-----------------------------+---------------+-------------+----------------+


+-----------------------------------------------------------------------------------------------------------------------------+
; Flow Elapsed Time                                                                                                           ;
+-------------------------+--------------+-------------------------+---------------------+------------------------------------+
; Module Name             ; Elapsed Time ; Average Processors Used ; Peak Virtual Memory ; Total CPU Time (on all processors) ;
+-------------------------+--------------+-------------------------+---------------------+------------------------------------+
; Analysis & Synthesis    ; 00:00:03     ; 1.0                     ; 174 MB              ; 00:00:03                           ;
; Fitter                  ; 00:00:09     ; 1.0                     ; 207 MB              ; 00:00:08                           ;
; Assembler               ; 00:00:06     ; 1.0                     ; 187 MB              ; 00:00:06                           ;
; Classic Timing Analyzer ; 00:00:01     ; 1.0                     ; 121 MB              ; 00:00:01                           ;
; Total                   ; 00:00:19     ; --                      ; --                  ; 00:00:18                           ;
+-------------------------+--------------+-------------------------+---------------------+------------------------------------+


+---------------------------------------------------------------------------------------+
; Flow OS Summary                                                                       ;
+-------------------------+------------------+------------+------------+----------------+
; Module Name             ; Machine Hostname ; OS Name    ; OS Version ; Processor type ;
+-------------------------+------------------+------------+------------+----------------+
; Analysis & Synthesis    ; tc               ; Windows XP ; 5.1        ; i1586          ;
; Fitter                  ; tc               ; Windows XP ; 5.1        ; i1586          ;
; Assembler               ; tc               ; Windows XP ; 5.1        ; i1586          ;
; Classic Timing Analyzer ; tc               ; Windows XP ; 5.1        ; i1586          ;
+-------------------------+------------------+------------+------------+----------------+


------------
; Flow Log ;
------------
quartus_map --read_settings_files=on --write_settings_files=off LAB1 -c LAB1
quartus_fit --read_settings_files=off --write_settings_files=off LAB1 -c LAB1
quartus_asm --read_settings_files=off --write_settings_files=off LAB1 -c LAB1
quartus_tan --read_settings_files=off --write_settings_files=off LAB1 -c LAB1 --timing_analysis_only



