Classic Timing Analyzer report for mux81
Sat Mar 19 02:32:11 2011
Quartus II Version 9.0 Build 132 02/25/2009 SJ Web Edition


---------------------
; Table of Contents ;
---------------------
  1. Legal Notice
  2. Timing Analyzer Summary
  3. Timing Analyzer Settings
  4. tpd
  5. Timing Analyzer Messages



----------------
; Legal Notice ;
----------------
Copyright (C) 1991-2009 Altera Corporation
Your use of Altera Corporation's design tools, logic functions 
and other software and tools, and its AMPP partner logic 
functions, and any output files from any of the foregoing 
(including device programming or simulation files), and any 
associated documentation or information are expressly subject 
to the terms and conditions of the Altera Program License 
Subscription Agreement, Altera MegaCore Function License 
Agreement, or other applicable license agreement, including, 
without limitation, that your use is for the sole purpose of 
programming logic devices manufactured by Altera and sold by 
Altera or its authorized distributors.  Please refer to the 
applicable agreement for further details.



+-------------------------------------------------------------------------------------------------------------------------+
; Timing Analyzer Summary                                                                                                 ;
+------------------------------+-------+---------------+-------------+-------+-----+------------+----------+--------------+
; Type                         ; Slack ; Required Time ; Actual Time ; From  ; To  ; From Clock ; To Clock ; Failed Paths ;
+------------------------------+-------+---------------+-------------+-------+-----+------------+----------+--------------+
; Worst-case tpd               ; N/A   ; None          ; 8.805 ns    ; in[6] ; out ; --         ; --       ; 0            ;
; Total number of failed paths ;       ;               ;             ;       ;     ;            ;          ; 0            ;
+------------------------------+-------+---------------+-------------+-------+-----+------------+----------+--------------+


+--------------------------------------------------------------------------------------------------------------------+
; Timing Analyzer Settings                                                                                           ;
+---------------------------------------------------------------------+--------------------+------+----+-------------+
; Option                                                              ; Setting            ; From ; To ; Entity Name ;
+---------------------------------------------------------------------+--------------------+------+----+-------------+
; Device Name                                                         ; EP2S15F484C3       ;      ;    ;             ;
; Timing Models                                                       ; Final              ;      ;    ;             ;
; Default hold multicycle                                             ; Same as Multicycle ;      ;    ;             ;
; Cut paths between unrelated clock domains                           ; On                 ;      ;    ;             ;
; Cut off read during write signal paths                              ; On                 ;      ;    ;             ;
; Cut off feedback from I/O pins                                      ; On                 ;      ;    ;             ;
; Report Combined Fast/Slow Timing                                    ; Off                ;      ;    ;             ;
; Ignore Clock Settings                                               ; Off                ;      ;    ;             ;
; Analyze latches as synchronous elements                             ; On                 ;      ;    ;             ;
; Enable Recovery/Removal analysis                                    ; Off                ;      ;    ;             ;
; Enable Clock Latency                                                ; Off                ;      ;    ;             ;
; Use TimeQuest Timing Analyzer                                       ; Off                ;      ;    ;             ;
; Number of source nodes to report per destination node               ; 10                 ;      ;    ;             ;
; Number of destination nodes to report                               ; 10                 ;      ;    ;             ;
; Number of paths to report                                           ; 200                ;      ;    ;             ;
; Report Minimum Timing Checks                                        ; Off                ;      ;    ;             ;
; Use Fast Timing Models                                              ; Off                ;      ;    ;             ;
; Report IO Paths Separately                                          ; Off                ;      ;    ;             ;
; Perform Multicorner Analysis                                        ; On                 ;      ;    ;             ;
; Reports the worst-case path for each clock domain and analysis      ; Off                ;      ;    ;             ;
; Removes common clock path pessimism (CCPP) during slack computation ; Off                ;      ;    ;             ;
; Output I/O Timing Endpoint                                          ; Near End           ;      ;    ;             ;
+---------------------------------------------------------------------+--------------------+------+----+-------------+


+------------------------------------------------------------+
; tpd                                                        ;
+-------+-------------------+-----------------+--------+-----+
; Slack ; Required P2P Time ; Actual P2P Time ; From   ; To  ;
+-------+-------------------+-----------------+--------+-----+
; N/A   ; None              ; 8.805 ns        ; in[6]  ; out ;
; N/A   ; None              ; 8.275 ns        ; in[5]  ; out ;
; N/A   ; None              ; 8.246 ns        ; in[4]  ; out ;
; N/A   ; None              ; 7.957 ns        ; in[2]  ; out ;
; N/A   ; None              ; 7.950 ns        ; in[3]  ; out ;
; N/A   ; None              ; 7.883 ns        ; sel[2] ; out ;
; N/A   ; None              ; 7.865 ns        ; in[0]  ; out ;
; N/A   ; None              ; 7.806 ns        ; sel[1] ; out ;
; N/A   ; None              ; 7.779 ns        ; sel[0] ; out ;
; N/A   ; None              ; 7.651 ns        ; in[7]  ; out ;
; N/A   ; None              ; 7.491 ns        ; in[1]  ; out ;
+-------+-------------------+-----------------+--------+-----+


+--------------------------+
; Timing Analyzer Messages ;
+--------------------------+
Info: *******************************************************************
Info: Running Quartus II Classic Timing Analyzer
    Info: Version 9.0 Build 132 02/25/2009 SJ Web Edition
    Info: Processing started: Sat Mar 19 02:32:09 2011
Info: Command: quartus_tan --read_settings_files=off --write_settings_files=off mux81 -c mux81 --timing_analysis_only
Info: Longest tpd from source pin "in[6]" to destination pin "out" is 8.805 ns
    Info: 1: + IC(0.000 ns) + CELL(0.847 ns) = 0.847 ns; Loc. = PIN_B15; Fanout = 1; PIN Node = 'in[6]'
    Info: 2: + IC(5.035 ns) + CELL(0.272 ns) = 6.154 ns; Loc. = LCCOMB_X38_Y2_N4; Fanout = 1; COMB Node = 'mux41:aa|out~10'
    Info: 3: + IC(0.699 ns) + CELL(1.952 ns) = 8.805 ns; Loc. = PIN_V7; Fanout = 0; PIN Node = 'out'
    Info: Total cell delay = 3.071 ns ( 34.88 % )
    Info: Total interconnect delay = 5.734 ns ( 65.12 % )
Info: Quartus II Classic Timing Analyzer was successful. 0 errors, 0 warnings
    Info: Peak virtual memory: 136 megabytes
    Info: Processing ended: Sat Mar 19 02:32:12 2011
    Info: Elapsed time: 00:00:03
    Info: Total CPU time (on all processors): 00:00:02


