Classic Timing Analyzer report for lab3
Thu Mar 03 16:02:58 2011
Quartus II Version 9.0 Build 132 02/25/2009 SJ Web Edition


---------------------
; Table of Contents ;
---------------------
  1. Legal Notice
  2. Timing Analyzer Summary
  3. Timing Analyzer Settings
  4. tpd
  5. Timing Analyzer Messages



----------------
; Legal Notice ;
----------------
Copyright (C) 1991-2009 Altera Corporation
Your use of Altera Corporation's design tools, logic functions 
and other software and tools, and its AMPP partner logic 
functions, and any output files from any of the foregoing 
(including device programming or simulation files), and any 
associated documentation or information are expressly subject 
to the terms and conditions of the Altera Program License 
Subscription Agreement, Altera MegaCore Function License 
Agreement, or other applicable license agreement, including, 
without limitation, that your use is for the sole purpose of 
programming logic devices manufactured by Altera and sold by 
Altera or its authorized distributors.  Please refer to the 
applicable agreement for further details.



+-----------------------------------------------------------------------------------------------------------------------+
; Timing Analyzer Summary                                                                                               ;
+------------------------------+-------+---------------+-------------+------+----+------------+----------+--------------+
; Type                         ; Slack ; Required Time ; Actual Time ; From ; To ; From Clock ; To Clock ; Failed Paths ;
+------------------------------+-------+---------------+-------------+------+----+------------+----------+--------------+
; Worst-case tpd               ; N/A   ; None          ; 10.686 ns   ; x4   ; f  ; --         ; --       ; 0            ;
; Total number of failed paths ;       ;               ;             ;      ;    ;            ;          ; 0            ;
+------------------------------+-------+---------------+-------------+------+----+------------+----------+--------------+


+--------------------------------------------------------------------------------------------------------------------+
; Timing Analyzer Settings                                                                                           ;
+---------------------------------------------------------------------+--------------------+------+----+-------------+
; Option                                                              ; Setting            ; From ; To ; Entity Name ;
+---------------------------------------------------------------------+--------------------+------+----+-------------+
; Device Name                                                         ; EP2S15F484C3       ;      ;    ;             ;
; Timing Models                                                       ; Final              ;      ;    ;             ;
; Default hold multicycle                                             ; Same as Multicycle ;      ;    ;             ;
; Cut paths between unrelated clock domains                           ; On                 ;      ;    ;             ;
; Cut off read during write signal paths                              ; On                 ;      ;    ;             ;
; Cut off feedback from I/O pins                                      ; On                 ;      ;    ;             ;
; Report Combined Fast/Slow Timing                                    ; Off                ;      ;    ;             ;
; Ignore Clock Settings                                               ; Off                ;      ;    ;             ;
; Analyze latches as synchronous elements                             ; On                 ;      ;    ;             ;
; Enable Recovery/Removal analysis                                    ; Off                ;      ;    ;             ;
; Enable Clock Latency                                                ; Off                ;      ;    ;             ;
; Use TimeQuest Timing Analyzer                                       ; Off                ;      ;    ;             ;
; Number of source nodes to report per destination node               ; 10                 ;      ;    ;             ;
; Number of destination nodes to report                               ; 10                 ;      ;    ;             ;
; Number of paths to report                                           ; 200                ;      ;    ;             ;
; Report Minimum Timing Checks                                        ; Off                ;      ;    ;             ;
; Use Fast Timing Models                                              ; Off                ;      ;    ;             ;
; Report IO Paths Separately                                          ; Off                ;      ;    ;             ;
; Perform Multicorner Analysis                                        ; On                 ;      ;    ;             ;
; Reports the worst-case path for each clock domain and analysis      ; Off                ;      ;    ;             ;
; Removes common clock path pessimism (CCPP) during slack computation ; Off                ;      ;    ;             ;
; Output I/O Timing Endpoint                                          ; Near End           ;      ;    ;             ;
+---------------------------------------------------------------------+--------------------+------+----+-------------+


+---------------------------------------------------------+
; tpd                                                     ;
+-------+-------------------+-----------------+------+----+
; Slack ; Required P2P Time ; Actual P2P Time ; From ; To ;
+-------+-------------------+-----------------+------+----+
; N/A   ; None              ; 10.686 ns       ; x4   ; f  ;
; N/A   ; None              ; 10.475 ns       ; x1   ; f  ;
; N/A   ; None              ; 10.257 ns       ; x4   ; h  ;
; N/A   ; None              ; 10.032 ns       ; x1   ; h  ;
; N/A   ; None              ; 10.009 ns       ; x3   ; f  ;
; N/A   ; None              ; 9.926 ns        ; x2   ; f  ;
; N/A   ; None              ; 9.581 ns        ; x3   ; h  ;
; N/A   ; None              ; 9.498 ns        ; x2   ; h  ;
; N/A   ; None              ; 9.173 ns        ; x4   ; g  ;
; N/A   ; None              ; 8.962 ns        ; x1   ; g  ;
; N/A   ; None              ; 8.496 ns        ; x3   ; g  ;
; N/A   ; None              ; 8.413 ns        ; x2   ; g  ;
+-------+-------------------+-----------------+------+----+


+--------------------------+
; Timing Analyzer Messages ;
+--------------------------+
Info: *******************************************************************
Info: Running Quartus II Classic Timing Analyzer
    Info: Version 9.0 Build 132 02/25/2009 SJ Web Edition
    Info: Processing started: Thu Mar 03 16:02:57 2011
Info: Command: quartus_tan --read_settings_files=off --write_settings_files=off lab3 -c lab3 --timing_analysis_only
Info: Longest tpd from source pin "x4" to destination pin "f" is 10.686 ns
    Info: 1: + IC(0.000 ns) + CELL(0.857 ns) = 0.857 ns; Loc. = PIN_C7; Fanout = 2; PIN Node = 'x4'
    Info: 2: + IC(4.769 ns) + CELL(0.053 ns) = 5.679 ns; Loc. = LCCOMB_X27_Y1_N0; Fanout = 2; COMB Node = 'comb~0'
    Info: 3: + IC(0.264 ns) + CELL(0.357 ns) = 6.300 ns; Loc. = LCCOMB_X27_Y1_N20; Fanout = 1; COMB Node = 'comb~2'
    Info: 4: + IC(2.340 ns) + CELL(2.046 ns) = 10.686 ns; Loc. = PIN_B9; Fanout = 0; PIN Node = 'f'
    Info: Total cell delay = 3.313 ns ( 31.00 % )
    Info: Total interconnect delay = 7.373 ns ( 69.00 % )
Info: Quartus II Classic Timing Analyzer was successful. 0 errors, 0 warnings
    Info: Peak virtual memory: 137 megabytes
    Info: Processing ended: Thu Mar 03 16:02:58 2011
    Info: Elapsed time: 00:00:01
    Info: Total CPU time (on all processors): 00:00:01


