#! /usr/bin/vvp
:ivl_version "0.9.7 " "(v0_9_7)";
:vpi_time_precision + 0;
:vpi_module "system";
:vpi_module "v2005_math";
:vpi_module "va_math";
S_0x2668b50 .scope module, "LAB1" "LAB1" 2 1;
 .timescale 0 0;
P_0x267e408 .param/l "S0" 2 11, C4<0000>;
P_0x267e430 .param/l "S1" 2 11, C4<0001>;
P_0x267e458 .param/l "S2" 2 11, C4<0010>;
P_0x267e480 .param/l "S3" 2 11, C4<0011>;
P_0x267e4a8 .param/l "S4" 2 11, C4<0100>;
P_0x267e4d0 .param/l "S5" 2 12, C4<0101>;
P_0x267e4f8 .param/l "S6" 2 12, C4<0110>;
P_0x267e520 .param/l "S7" 2 12, C4<0111>;
P_0x267e548 .param/l "S8" 2 12, C4<1000>;
P_0x267e570 .param/l "S9" 2 12, C4<1001>;
v0x267e6a0_0 .net "K", 0 0, L_0x26a69c0; 1 drivers
v0x26a5de0_0 .net "M", 3 0, C4<zzzz>; 0 drivers
v0x26a5e80_0 .net "M_id", 3 0, C4<zzzz>; 0 drivers
v0x26a5f20_0 .net "St", 0 0, C4<z>; 0 drivers
v0x26a5fd0_0 .net *"_s10", 3 0, L_0x26a6de0; 1 drivers
v0x26a6070_0 .net *"_s11", 4 0, L_0x26a6ed0; 1 drivers
v0x26a6150_0 .net *"_s14", 0 0, C4<0>; 1 drivers
v0x26a61f0_0 .net *"_s15", 4 0, L_0x26a7090; 1 drivers
v0x26a62e0_0 .net *"_s5", 4 0, L_0x26a6c60; 1 drivers
v0x26a6380_0 .net *"_s8", 0 0, C4<0>; 1 drivers
v0x26a6480_0 .net "clk", 0 0, C4<z>; 0 drivers
v0x26a6520_0 .var "control", 3 0;
v0x26a6630_0 .net "cout", 0 0, L_0x26a6a90; 1 drivers
v0x26a66d0_0 .var "out_state", 3 0;
v0x26a67f0_0 .var "product", 8 0;
v0x26a6890_0 .net "sum", 3 0, L_0x26a6b90; 1 drivers
E_0x2668d80 .event edge, v0x26a66d0_0, v0x26a5f20_0, v0x267e6a0_0;
E_0x2668c40 .event posedge, v0x26a6480_0;
L_0x26a69c0 .part v0x26a67f0_0, 0, 1;
L_0x26a6a90 .part L_0x26a7090, 4, 1;
L_0x26a6b90 .part L_0x26a7090, 0, 4;
L_0x26a6c60 .concat [ 4 1 0 0], C4<zzzz>, C4<0>;
L_0x26a6de0 .part v0x26a67f0_0, 4, 4;
L_0x26a6ed0 .concat [ 4 1 0 0], L_0x26a6de0, C4<0>;
L_0x26a7090 .arith/sum 5, L_0x26a6c60, L_0x26a6ed0;
    .scope S_0x2668b50;
T_0 ;
    %wait E_0x2668c40;
    %load/v 8, v0x26a6520_0, 4;
    %cmpi/u 8, 4, 4;
    %jmp/1 T_0.0, 6;
    %cmpi/u 8, 2, 4;
    %jmp/1 T_0.1, 6;
    %cmpi/u 8, 8, 4;
    %jmp/1 T_0.2, 6;
    %jmp T_0.3;
T_0.0 ;
    %load/v 8, v0x26a6890_0, 4;
    %ix/load 0, 4, 0;
    %set/x0 v0x26a67f0_0, 8, 4;
    %load/v 8, v0x26a6630_0, 1;
    %ix/load 0, 8, 0;
    %set/x0 v0x26a67f0_0, 8, 1;
    %jmp T_0.3;
T_0.1 ;
    %load/v 8, v0x26a67f0_0, 9;
    %ix/load 0, 1, 0;
    %mov 4, 0, 1;
    %shiftr/i0  8, 9;
    %set/v v0x26a67f0_0, 8, 9;
    %jmp T_0.3;
T_0.2 ;
    %load/v 8, v0x26a5de0_0, 4;
    %mov 12, 0, 5;
    %set/v v0x26a67f0_0, 8, 9;
    %jmp T_0.3;
T_0.3 ;
    %jmp T_0;
    .thread T_0;
    .scope S_0x2668b50;
T_1 ;
    %wait E_0x2668c40;
    %load/v 8, v0x26a66d0_0, 4;
    %cmpi/u 8, 0, 4;
    %jmp/1 T_1.0, 6;
    %cmpi/u 8, 1, 4;
    %jmp/1 T_1.1, 6;
    %cmpi/u 8, 2, 4;
    %jmp/1 T_1.2, 6;
    %cmpi/u 8, 3, 4;
    %jmp/1 T_1.3, 6;
    %cmpi/u 8, 4, 4;
    %jmp/1 T_1.4, 6;
    %cmpi/u 8, 5, 4;
    %jmp/1 T_1.5, 6;
    %cmpi/u 8, 6, 4;
    %jmp/1 T_1.6, 6;
    %cmpi/u 8, 7, 4;
    %jmp/1 T_1.7, 6;
    %cmpi/u 8, 8, 4;
    %jmp/1 T_1.8, 6;
    %cmpi/u 8, 9, 4;
    %jmp/1 T_1.9, 6;
    %jmp T_1.10;
T_1.0 ;
    %load/v 8, v0x26a5f20_0, 1;
    %jmp/0  T_1.11, 8;
    %movi 9, 1, 4;
    %jmp/1  T_1.13, 8;
T_1.11 ; End of true expr.
    %jmp/0  T_1.12, 8;
 ; End of false expr.
    %blend  9, 0, 4; Condition unknown.
    %jmp  T_1.13;
T_1.12 ;
    %mov 9, 0, 4; Return false value
T_1.13 ;
    %set/v v0x26a66d0_0, 9, 4;
    %jmp T_1.10;
T_1.1 ;
    %load/v 8, v0x267e6a0_0, 1;
    %jmp/0  T_1.14, 8;
    %movi 9, 2, 4;
    %jmp/1  T_1.16, 8;
T_1.14 ; End of true expr.
    %movi 13, 3, 4;
    %jmp/0  T_1.15, 8;
 ; End of false expr.
    %blend  9, 13, 4; Condition unknown.
    %jmp  T_1.16;
T_1.15 ;
    %mov 9, 13, 4; Return false value
T_1.16 ;
    %set/v v0x26a66d0_0, 9, 4;
    %jmp T_1.10;
T_1.2 ;
    %movi 8, 3, 4;
    %set/v v0x26a66d0_0, 8, 4;
    %jmp T_1.10;
T_1.3 ;
    %load/v 8, v0x267e6a0_0, 1;
    %jmp/0  T_1.17, 8;
    %movi 9, 4, 4;
    %jmp/1  T_1.19, 8;
T_1.17 ; End of true expr.
    %movi 13, 5, 4;
    %jmp/0  T_1.18, 8;
 ; End of false expr.
    %blend  9, 13, 4; Condition unknown.
    %jmp  T_1.19;
T_1.18 ;
    %mov 9, 13, 4; Return false value
T_1.19 ;
    %set/v v0x26a66d0_0, 9, 4;
    %jmp T_1.10;
T_1.4 ;
    %movi 8, 5, 4;
    %set/v v0x26a66d0_0, 8, 4;
    %jmp T_1.10;
T_1.5 ;
    %load/v 8, v0x267e6a0_0, 1;
    %jmp/0  T_1.20, 8;
    %movi 9, 6, 4;
    %jmp/1  T_1.22, 8;
T_1.20 ; End of true expr.
    %movi 13, 7, 4;
    %jmp/0  T_1.21, 8;
 ; End of false expr.
    %blend  9, 13, 4; Condition unknown.
    %jmp  T_1.22;
T_1.21 ;
    %mov 9, 13, 4; Return false value
T_1.22 ;
    %set/v v0x26a66d0_0, 9, 4;
    %jmp T_1.10;
T_1.6 ;
    %movi 8, 7, 4;
    %set/v v0x26a66d0_0, 8, 4;
    %jmp T_1.10;
T_1.7 ;
    %load/v 8, v0x267e6a0_0, 1;
    %jmp/0  T_1.23, 8;
    %movi 9, 8, 4;
    %jmp/1  T_1.25, 8;
T_1.23 ; End of true expr.
    %movi 13, 9, 4;
    %jmp/0  T_1.24, 8;
 ; End of false expr.
    %blend  9, 13, 4; Condition unknown.
    %jmp  T_1.25;
T_1.24 ;
    %mov 9, 13, 4; Return false value
T_1.25 ;
    %set/v v0x26a66d0_0, 9, 4;
    %jmp T_1.10;
T_1.8 ;
    %movi 8, 9, 4;
    %set/v v0x26a66d0_0, 8, 4;
    %jmp T_1.10;
T_1.9 ;
    %set/v v0x26a66d0_0, 0, 4;
    %jmp T_1.10;
T_1.10 ;
    %jmp T_1;
    .thread T_1;
    .scope S_0x2668b50;
T_2 ;
    %wait E_0x2668d80;
    %load/v 8, v0x26a66d0_0, 4;
    %cmpi/u 8, 0, 4;
    %jmp/1 T_2.0, 6;
    %cmpi/u 8, 1, 4;
    %jmp/1 T_2.1, 6;
    %cmpi/u 8, 2, 4;
    %jmp/1 T_2.2, 6;
    %cmpi/u 8, 3, 4;
    %jmp/1 T_2.3, 6;
    %cmpi/u 8, 4, 4;
    %jmp/1 T_2.4, 6;
    %cmpi/u 8, 5, 4;
    %jmp/1 T_2.5, 6;
    %cmpi/u 8, 6, 4;
    %jmp/1 T_2.6, 6;
    %cmpi/u 8, 7, 4;
    %jmp/1 T_2.7, 6;
    %cmpi/u 8, 8, 4;
    %jmp/1 T_2.8, 6;
    %cmpi/u 8, 9, 4;
    %jmp/1 T_2.9, 6;
    %jmp T_2.10;
T_2.0 ;
    %load/v 8, v0x26a5f20_0, 1;
    %jmp/0  T_2.11, 8;
    %movi 9, 8, 4;
    %jmp/1  T_2.13, 8;
T_2.11 ; End of true expr.
    %jmp/0  T_2.12, 8;
 ; End of false expr.
    %blend  9, 0, 4; Condition unknown.
    %jmp  T_2.13;
T_2.12 ;
    %mov 9, 0, 4; Return false value
T_2.13 ;
    %set/v v0x26a6520_0, 9, 4;
    %jmp T_2.10;
T_2.1 ;
    %load/v 8, v0x267e6a0_0, 1;
    %jmp/0  T_2.14, 8;
    %movi 9, 4, 4;
    %jmp/1  T_2.16, 8;
T_2.14 ; End of true expr.
    %movi 13, 2, 4;
    %jmp/0  T_2.15, 8;
 ; End of false expr.
    %blend  9, 13, 4; Condition unknown.
    %jmp  T_2.16;
T_2.15 ;
    %mov 9, 13, 4; Return false value
T_2.16 ;
    %set/v v0x26a6520_0, 9, 4;
    %jmp T_2.10;
T_2.2 ;
    %movi 8, 2, 4;
    %set/v v0x26a6520_0, 8, 4;
    %jmp T_2.10;
T_2.3 ;
    %load/v 8, v0x267e6a0_0, 1;
    %jmp/0  T_2.17, 8;
    %movi 9, 4, 4;
    %jmp/1  T_2.19, 8;
T_2.17 ; End of true expr.
    %movi 13, 2, 4;
    %jmp/0  T_2.18, 8;
 ; End of false expr.
    %blend  9, 13, 4; Condition unknown.
    %jmp  T_2.19;
T_2.18 ;
    %mov 9, 13, 4; Return false value
T_2.19 ;
    %set/v v0x26a6520_0, 9, 4;
    %jmp T_2.10;
T_2.4 ;
    %movi 8, 2, 4;
    %set/v v0x26a6520_0, 8, 4;
    %jmp T_2.10;
T_2.5 ;
    %load/v 8, v0x267e6a0_0, 1;
    %jmp/0  T_2.20, 8;
    %movi 9, 4, 4;
    %jmp/1  T_2.22, 8;
T_2.20 ; End of true expr.
    %movi 13, 2, 4;
    %jmp/0  T_2.21, 8;
 ; End of false expr.
    %blend  9, 13, 4; Condition unknown.
    %jmp  T_2.22;
T_2.21 ;
    %mov 9, 13, 4; Return false value
T_2.22 ;
    %set/v v0x26a6520_0, 9, 4;
    %jmp T_2.10;
T_2.6 ;
    %movi 8, 2, 4;
    %set/v v0x26a6520_0, 8, 4;
    %jmp T_2.10;
T_2.7 ;
    %load/v 8, v0x267e6a0_0, 1;
    %jmp/0  T_2.23, 8;
    %movi 9, 4, 4;
    %jmp/1  T_2.25, 8;
T_2.23 ; End of true expr.
    %movi 13, 2, 4;
    %jmp/0  T_2.24, 8;
 ; End of false expr.
    %blend  9, 13, 4; Condition unknown.
    %jmp  T_2.25;
T_2.24 ;
    %mov 9, 13, 4; Return false value
T_2.25 ;
    %set/v v0x26a6520_0, 9, 4;
    %jmp T_2.10;
T_2.8 ;
    %movi 8, 2, 4;
    %set/v v0x26a6520_0, 8, 4;
    %jmp T_2.10;
T_2.9 ;
    %movi 8, 1, 4;
    %set/v v0x26a6520_0, 8, 4;
    %jmp T_2.10;
T_2.10 ;
    %jmp T_2;
    .thread T_2, $push;
# The file index is used to find the file name in the following table.
:file_names 3;
    "N/A";
    "<interactive>";
    "LAB1.v";
